21:07:22 -0.0
21:07:23 0.04
21:07:24 0.04
21:07:25 0.00
21:07:26 0.03
21:07:27 -0.0
21:07:28 0.04
21:07:29 0.02
21:07:30 0.05
21:07:31 0.02
21:07:32 0.00
21:07:33 -0.0
21:07:34 0.01
21:07:35 -0.0
21:07:36 -0.0
21:07:37 0.12
21:07:38 -0.0
21:07:39 -0.0
21:07:40 0.04
21:07:41 -0.0
21:07:42 -0.1
21:07:43 -0.0
21:07:44 -0.0
21:07:45 -0.1
21:07:46 0.11
21:07:47 0.12
21:07:48 -0.1
21:07:49 0.07
21:07:50 -0.0
21:07:51 -0.0
21:07:52 0.14
21:07:53 -0.0
21:07:54 -0.0
21:07:55 0.03
21:07:56 0.02
21:07:57 0.20
21:07:58 -0.1
21:07:59 0.13
21:08:00 -0.0
21:08:01 -0.0
21:08:02 0.00
21:08:03 0.25
21:08:04 0.21
21:08:05 0.03
21:08:06 -0.4
21:08:07 0.64
21:08:08 0.17
21:08:09 0.10
21:08:10 -0.4
21:08:11 0.23
21:08:12 0.20
21:08:13 -0.2
21:08:14 -0.1
21:08:15 0.02
21:08:16 0.07
21:08:17 -0.0
21:08:18 0.26
21:08:19 -0.3
21:08:20 -0.2
21:08:21 0.11
21:08:22 0.08
21:08:23 -0.1
21:08:24 0.08
21:08:25 -0.0
21:08:26 -0.1
21:08:27 -0.2
21:08:28 0.10
21:08:29 0.28
21:08:30 -0.4
21:08:31 -0.2
21:08:32 0.01
21:08:33 0.07
21:08:34 -0.5
21:08:35 0.07
21:08:36 -0.0
21:08:37 0.04
21:08:38 0.16
21:08:39 0.01
21:08:40 -0.1
21:08:41 -0.2
21:08:42 0.30
21:08:43 -0.1
21:08:44 -0.5
21:08:45 0.09
21:08:46 0.11
21:08:47 -0.2
21:08:48 0.09
21:08:49 -0.0
21:08:50 -0.2
21:08:51 -0.2
21:08:52 0.48
21:08:53 -0.3
21:08:54 0.29
21:08:55 0.40
21:08:56 0.52
21:08:57 0.37
21:08:58 0.33
21:08:59 0.28
21:09:00 0.28
21:09:01 0.52
21:09:02 0.28
21:09:03 0.41
21:09:04 0.17
21:09:05 -0.1
21:09:06 0.11
21:09:07 -0.0
21:09:08 0.63
21:09:09 1.09
21:09:10 0.58
21:09:11 0.32
21:09:12 0.13
21:09:13 0.32
21:09:14 -0.1
21:09:15 0.47
21:09:16 0.57
21:09:17 0.26
21:09:18 0.42
21:09:19 0.14
21:09:20 0.27
21:09:21 0.16
21:09:22 0.32
21:09:23 -0.1
21:09:24 0.04
21:09:25 0.34
21:09:26 0.52
21:09:27 0.38
21:09:28 0.40
21:09:29 0.31
21:09:30 0.60
21:09:31 0.46
21:09:32 0.15
21:09:33 0.36
21:09:34 0.18
21:09:35 -0.2
21:09:36 0.10
21:09:37 0.55
21:09:38 0.31
21:09:39 0.54
21:09:40 0.25
21:09:41 0.45
21:09:42 0.00
21:09:43 -0.0
21:09:44 0.00
21:09:45 -0.0
21:09:46 0.12
21:09:47 0.36
21:09:48 0.45
21:09:49 0.32
21:09:50 0.51
21:09:51 0.47
21:09:52 0.22
21:09:53 0.51
21:09:54 0.35
21:09:55 1.17
21:09:56 0.76
21:09:57 0.63
21:09:58 0.57
21:09:59 0.70
21:10:00 0.60
21:10:01 1.32
21:10:02 0.93
21:10:03 0.86
21:10:04 0.30
21:10:05 0.69
21:10:06 0.95
21:10:07 0.94
21:10:08 0.89
21:10:09 1.00
21:10:10 0.61
21:10:11 0.50
21:10:12 0.69
21:10:13 1.41
21:10:14 0.97
21:10:15 0.64
21:10:16 0.41
21:10:17 0.66
21:10:18 0.85
21:10:19 1.09
21:10:20 0.56
21:10:21 0.24
21:10:22 0.54
21:10:23 1.11
21:10:24 1.04
21:10:25 0.76
21:10:26 0.67
21:10:27 0.90
21:10:28 0.59
21:10:29 0.74
21:10:30 0.77
21:10:31 0.67
21:10:32 0.65
21:10:33 0.76
21:10:34 0.82
21:10:35 0.71
21:10:36 0.16
21:10:37 0.66
21:10:38 1.07
21:10:39 0.89
21:10:40 0.99
21:10:41 1.09
21:10:42 0.93
21:10:43 0.80
21:10:44 0.59
21:10:45 0.70
21:10:46 0.28
21:10:47 0.28
21:10:48 0.82
21:10:49 0.81
21:10:50 0.95
21:10:51 1.22
21:10:52 0.90
21:10:53 0.85
21:10:54 0.90
21:10:55 1.11
21:10:56 0.99
21:10:57 1.38
21:10:58 1.12
21:10:59 0.98
21:11:00 0.87
21:11:01 0.63
21:11:02 0.66
21:11:03 0.81
21:11:04 1.20
21:11:05 1.19
21:11:06 1.46
21:11:07 0.99
21:11:08 1.29
21:11:09 0.66
21:11:10 1.01
21:11:11 1.45
21:11:12 1.31
21:11:13 0.96
21:11:14 0.85
21:11:15 1.09
21:11:16 1.03
21:11:17 1.46
21:11:18 1.07
21:11:19 0.90
21:11:20 1.09
21:11:21 1.56
21:11:22 1.12
21:11:23 1.38
21:11:24 0.76
21:11:25 1.05
21:11:26 1.51
21:11:27 1.10
21:11:28 1.26
21:11:29 1.01
21:11:30 0.95
21:11:31 0.92
21:11:32 1.27
21:11:33 1.24
21:11:34 1.04
21:11:35 0.90
21:11:36 0.99
21:11:37 1.02
21:11:38 1.30
21:11:39 1.28
21:11:40 0.83
21:11:41 0.81
21:11:42 0.83
21:11:43 0.97
21:11:44 1.55
21:11:45 1.18
21:11:46 1.13
21:11:47 1.49
21:11:48 1.00
21:11:49 0.86
21:11:50 0.57
21:11:51 0.59
21:11:52 1.19
21:11:53 1.47
21:11:54 0.65
21:11:55 0.82
21:11:56 1.04
21:11:57 1.55
21:11:58 1.21
21:11:59 0.87
21:12:00 0.73
21:12:01 0.60
21:12:02 1.02
21:12:03 1.11
21:12:04 1.11
21:12:05 0.89
21:12:06 0.77
21:12:07 0.98
21:12:08 1.08
21:12:09 1.24
21:12:10 1.16
21:12:11 0.90
21:12:12 1.57
21:12:13 0.99
21:12:14 1.13
21:12:15 1.02
21:12:16 0.86
21:12:17 1.30
21:12:18 1.44
21:12:19 0.76
21:12:20 0.96
21:12:21 0.86
21:12:22 1.51
21:12:23 1.48
21:12:24 1.19
21:12:25 0.69
21:12:26 1.06
21:12:27 1.13
21:12:28 1.30
21:12:29 0.87
21:12:30 0.86
21:12:31 1.22
21:12:32 1.11
21:12:33 1.15
21:12:34 1.03
21:12:35 0.83
21:12:36 1.15
21:12:37 1.19
21:12:38 1.31
21:12:39 1.17
21:12:40 1.08
21:12:41 0.84
21:12:42 1.11
21:12:43 1.24
21:12:44 1.15
21:12:45 1.00
21:12:46 1.07
21:12:47 0.67
21:12:48 1.48
21:12:49 1.46
21:12:50 1.49
21:12:51 1.19
21:12:52 1.20
21:12:53 1.17
21:12:54 1.28
21:12:55 1.26
21:12:56 1.72
21:12:57 1.60
21:12:58 1.82
21:12:59 1.80
21:13:00 1.52
21:13:01 1.59
21:13:02 1.37
21:13:03 1.13
21:13:04 1.35
21:13:05 1.37
21:13:06 1.51
21:13:07 1.00
21:13:08 1.41
21:13:09 1.21
21:13:10 1.18
21:13:11 1.40
21:13:12 0.97
21:13:13 1.74
21:13:14 2.20
21:13:15 1.51
21:13:16 1.32
21:13:17 1.51
21:13:18 1.69
21:13:19 1.52
21:13:20 1.55
21:13:21 1.37
21:13:22 1.87
21:13:23 1.76
21:13:24 2.02
21:13:25 1.58
21:13:26 1.38
21:13:27 1.73
21:13:28 1.71
21:13:29 1.60
21:13:30 1.63
21:13:31 1.52
21:13:32 1.08
21:13:33 1.52
21:13:34 1.36
21:13:35 1.66
21:13:36 1.56
21:13:37 1.58
21:13:38 1.84
21:13:39 1.29
21:13:40 1.41
21:13:41 1.66
21:13:42 1.48
21:13:43 2.01
21:13:44 1.64
21:13:45 1.40
21:13:46 1.55
21:13:47 1.49
21:13:48 1.22
21:13:49 1.46
21:13:50 1.32
21:13:51 1.79
21:13:52 2.04
21:13:53 2.03
21:13:54 2.07
21:13:55 2.25
21:13:56 2.38
21:13:57 1.91
21:13:58 2.12
21:13:59 2.19
21:14:00 2.10
21:14:01 2.08
21:14:02 1.76
21:14:03 1.56
21:14:04 1.53
21:14:05 1.82
21:14:06 1.59
21:14:07 2.01
21:14:08 1.98
21:14:09 2.28
21:14:10 1.69
21:14:11 1.85
21:14:12 2.04
21:14:13 2.15
21:14:14 1.66
21:14:15 1.86
21:14:16 1.68
21:14:17 1.83
21:14:18 1.96
21:14:19 1.98
21:14:20 2.04
21:14:21 2.04
21:14:22 1.90
21:14:23 2.02
21:14:24 2.00
21:14:25 1.99
21:14:26 2.02
21:14:27 1.98
21:14:28 1.94
21:14:29 2.13
21:14:30 1.94
21:14:31 2.01
21:14:32 2.01
21:14:33 1.93
21:14:34 1.91
21:14:35 2.00
21:14:36 2.02
21:14:37 1.97
21:14:38 2.04
21:14:39 2.04
21:14:40 1.89
21:14:41 1.98
21:14:42 2.03
21:14:43 1.91
21:14:44 2.11
21:14:45 1.92
21:14:46 1.98
21:14:47 1.95
21:14:48 1.95
21:14:49 1.88
21:14:50 2.12
21:14:52 2.02
21:14:52 2.22
21:14:53 1.99
21:14:54 2.30
21:14:56 2.38
21:14:56 2.53
21:14:57 2.01
21:14:58 2.00
21:15:00 2.56
21:15:01 2.35
21:15:01 2.38
21:15:02 2.09
21:15:03 2.29
21:15:05 2.55
21:15:05 2.01
21:15:06 2.06
21:15:07 2.41
21:15:09 2.36
21:15:10 2.02
21:15:10 2.54
21:15:11 2.40
21:15:13 1.74
21:15:14 2.25
21:15:14 2.51
21:15:15 2.42
21:15:16 2.41
21:15:18 2.01
21:15:19 1.94
21:15:19 2.42
21:15:20 2.29
21:15:22 2.45
21:15:23 2.23
21:15:23 2.26
21:15:25 2.53
21:15:26 1.83
21:15:27 1.12
21:15:28 1.50
21:15:29 2.20
21:15:30 2.21
21:15:31 2.30
21:15:32 2.31
21:15:33 2.27
21:15:34 2.31
21:15:35 2.20
21:15:36 2.29
21:15:37 2.27
21:15:38 2.19
21:15:39 2.20
21:15:40 2.30
21:15:41 2.31
21:15:42 2.24
21:15:43 2.29
21:15:44 2.30
21:15:45 2.25
21:15:46 2.28
21:15:47 2.35
21:15:48 2.24
21:15:49 2.33
21:15:50 2.25
21:15:51 2.43
21:15:52 2.51
21:15:53 2.68
21:15:54 2.61
21:15:55 2.66
21:15:56 2.68
21:15:57 2.74
21:15:58 2.75
21:15:59 2.54
21:16:00 2.99
21:16:01 2.69
21:16:02 2.85
21:16:03 2.57
21:16:04 2.50
21:16:05 2.38
21:16:06 2.82
21:16:07 2.82
21:16:08 2.52
21:16:09 3.26
21:16:10 2.79
21:16:11 2.89
21:16:12 2.24
21:16:13 2.76
21:16:14 3.04
21:16:15 2.31
21:16:16 2.12
21:16:17 3.09
21:16:18 2.86
21:16:19 2.38
21:16:20 2.62
21:16:21 2.74
21:16:22 3.17
21:16:23 2.78
21:16:24 2.58
21:16:25 2.36
21:16:26 2.86
21:16:27 2.70
21:16:28 3.27
21:16:29 2.62
21:16:30 2.55
21:16:31 2.64
21:16:32 2.70
21:16:33 2.64
21:16:34 2.64
21:16:35 2.63
21:16:36 2.77
21:16:37 2.78
21:16:38 2.73
21:16:39 2.68
21:16:40 2.71
21:16:41 2.74
21:16:42 2.63
21:16:43 2.69
21:16:44 2.68
21:16:45 2.67
21:16:46 2.66
21:16:47 2.67
21:16:48 2.63
21:16:49 2.69
21:16:50 2.64
21:16:51 2.80
21:16:52 2.76
21:16:53 3.04
21:16:54 3.12
21:16:55 3.11
21:16:56 3.05
21:16:57 3.01
21:16:58 3.00
21:16:59 3.21
21:17:00 3.04
21:17:01 3.08
21:17:02 3.26
21:17:03 2.98
21:17:04 3.01
21:17:05 3.18
21:17:06 3.19
21:17:07 2.86
21:17:08 3.63
21:17:09 3.22
21:17:10 3.31
21:17:11 2.96
21:17:12 3.40
21:17:13 3.20
21:17:14 2.97
21:17:15 2.81
21:17:16 3.29
21:17:17 3.12
21:17:18 2.95
21:17:19 3.10
21:17:20 3.21
21:17:21 2.65
21:17:22 2.92
21:17:23 3.12
21:17:24 3.31
21:17:25 2.82
21:17:26 3.41
21:17:27 3.25
21:17:28 2.85
21:17:29 3.05
21:17:30 3.28
21:17:31 3.30
21:17:32 2.83
21:17:33 2.92
21:17:34 3.32
21:17:35 3.07
21:17:36 3.35
21:17:37 3.04
21:17:38 3.10
21:17:39 3.02
21:17:40 3.06
21:17:41 2.99
21:17:42 3.04
21:17:43 3.06
21:17:44 3.08
21:17:45 2.99
21:17:46 3.00
21:17:47 3.10
21:17:48 3.01
21:17:49 3.04
21:17:50 2.94
21:17:51 3.05
21:17:52 3.13
21:17:53 3.33
21:17:54 3.53
21:17:55 3.44
21:17:56 3.52
21:17:57 3.49
21:17:58 3.46
21:17:59 3.45
21:18:00 3.45
21:18:01 3.53
21:18:02 3.38
21:18:03 3.51
21:18:04 3.56
21:18:05 3.26
21:18:06 3.86
21:18:07 3.53
21:18:08 3.36
21:18:09 3.51
21:18:10 3.42
21:18:11 3.61
21:18:12 3.83
21:18:13 3.51
21:18:14 3.42
21:18:15 3.10
21:18:16 3.29
21:18:17 3.33
21:18:18 3.74
21:18:19 3.56
21:18:20 3.77
21:18:21 3.17
21:18:22 3.54
21:18:23 3.90
21:18:24 3.81
21:18:25 2.99
21:18:26 3.54
21:18:27 3.61
21:18:28 3.52
21:18:29 3.55
21:18:30 3.51
21:18:31 3.57
21:18:32 3.70
21:18:33 3.53
21:18:34 3.52
21:18:35 3.00
21:18:36 4.00
21:18:37 3.55
21:18:38 3.14
21:18:39 3.42
21:18:40 3.52
21:18:41 3.50
21:18:42 3.45
21:18:43 3.56
21:18:44 3.48
21:18:45 3.47
21:18:46 3.39
21:18:47 3.55
21:18:48 3.38
21:18:49 3.43
21:18:50 3.48
21:18:51 3.51
21:18:52 3.63
21:18:53 3.76
21:18:54 3.90
21:18:55 3.86
21:18:56 4.01
21:18:57 3.90
21:18:58 3.87
21:18:59 3.91
21:19:00 3.77
21:19:01 3.90
21:19:02 3.86
21:19:03 3.82
21:19:04 3.93
21:19:05 3.87
21:19:06 4.01
21:19:07 4.01
21:19:08 3.85
21:19:09 4.03
21:19:10 3.82
21:19:11 4.06
21:19:12 3.90
21:19:13 3.85
21:19:14 4.23
21:19:15 4.27
21:19:16 4.23
21:19:17 3.64
21:19:18 3.15
21:19:19 4.16
21:19:20 3.97
21:19:21 3.98
21:19:22 4.27
21:19:23 4.04
21:19:24 3.67
21:19:25 3.75
21:19:26 3.66
21:19:27 3.71
21:19:28 3.87
21:19:29 3.63
21:19:30 3.93
21:19:31 3.75
21:19:32 3.50
21:19:33 3.60
21:19:34 3.72
21:19:35 3.16
21:19:36 3.50
21:19:37 4.35
21:19:38 4.04
21:19:39 4.31
21:19:40 3.85
21:19:41 3.88
21:19:42 3.96
21:19:43 3.89
21:19:44 3.83
21:19:45 3.99
21:19:46 3.92
21:19:47 3.88
21:19:48 3.80
21:19:49 3.97
21:19:50 3.90
21:19:51 3.81
21:19:52 3.94
21:19:53 4.20
21:19:54 4.28
21:19:55 4.33
21:19:56 4.30
21:19:57 4.27
21:19:58 4.32
21:19:59 4.19
21:20:00 4.24
21:20:01 4.28
21:20:02 4.22
21:20:03 4.26
21:20:04 4.27
21:20:05 4.30
21:20:06 4.17
21:20:07 4.27
21:20:08 4.16
21:20:09 4.45
21:20:10 4.18
21:20:11 4.09
21:20:12 4.46
21:20:13 4.98
21:20:14 3.85
21:20:15 3.88
21:20:16 4.75
21:20:17 3.70
21:20:18 3.90
21:20:19 3.95
21:20:20 4.64
21:20:21 4.38
21:20:22 4.35
21:20:23 4.45
21:20:24 5.07
21:20:25 3.96
21:20:26 3.99
21:20:27 4.18
21:20:28 4.08
21:20:29 3.98
21:20:30 4.69
21:20:31 4.40
21:20:32 4.36
21:20:33 4.58
21:20:34 4.42
21:20:35 4.53
21:20:36 4.74
21:20:37 4.34
21:20:38 4.44
21:20:39 4.46
21:20:40 3.24
21:20:41 4.33
21:20:42 4.35
21:20:43 4.26
21:20:44 4.27
21:20:45 4.22
21:20:46 4.35
21:20:47 4.31
21:20:48 4.19
21:20:49 4.25
21:20:50 4.28
21:20:51 4.30
21:20:52 4.45
21:20:53 4.57
21:20:54 4.71
21:20:55 4.66
21:20:56 4.68
21:20:57 4.85
21:20:58 4.66
21:20:59 4.63
21:21:00 4.60
21:21:01 4.75
21:21:02 4.67
21:21:03 4.69
21:21:04 4.62
21:21:05 4.77
21:21:06 4.71
21:21:07 5.10
21:21:08 4.94
21:21:09 4.76
21:21:10 4.95
21:21:11 4.68
21:21:12 4.36
21:21:13 4.94
21:21:14 5.50
21:21:15 4.70
21:21:16 4.73
21:21:17 4.89
21:21:18 4.71
21:21:19 4.95
21:21:20 5.02
21:21:21 5.25
21:21:22 4.50
21:21:23 4.54
21:21:24 4.52
21:21:25 4.39
21:21:26 4.44
21:21:27 4.53
21:21:28 4.56
21:21:29 4.59
21:21:30 4.54
21:21:31 4.58
21:21:32 4.55
21:21:33 4.57
21:21:34 4.56
21:21:35 4.63
21:21:36 4.51
21:21:37 4.71
21:21:38 4.31
21:21:39 4.70
21:21:40 4.66
21:21:41 4.81
21:21:42 4.67
21:21:43 4.70
21:21:44 4.67
21:21:45 4.70
21:21:46 4.68
21:21:47 4.71
21:21:48 4.71
21:21:49 4.69
21:21:50 4.68
21:21:51 4.68
21:21:52 4.72
21:21:53 4.70
21:21:54 4.92
21:21:55 5.13
21:21:56 5.07
21:21:57 5.04
21:21:58 5.02
21:21:59 4.97
21:22:00 5.00
21:22:01 4.97
21:22:02 5.07
21:22:03 5.01
21:22:04 4.96
21:22:05 5.03
21:22:06 5.01
21:22:07 5.11
21:22:08 5.14
21:22:09 4.70
21:22:10 5.27
21:22:11 4.62
21:22:12 4.97
21:22:13 5.23
21:22:14 4.88
21:22:15 4.90
21:22:16 5.70
21:22:17 5.08
21:22:18 5.02
21:22:19 4.76
21:22:20 5.24
21:22:21 5.14
21:22:22 4.82
21:22:23 5.49
21:22:24 5.24
21:22:25 5.18
21:22:26 5.39
21:22:27 1.67
21:22:28 4.99
21:22:29 5.06
21:22:30 5.34
21:22:31 4.96
21:22:32 4.64
21:22:33 5.09
21:22:34 5.13
21:22:35 5.36
21:22:36 4.90
21:22:37 5.18
21:22:38 5.13
21:22:39 5.15
21:22:40 4.87
21:22:41 4.90
21:22:42 5.04
21:22:43 5.23
21:22:44 5.11
21:22:45 5.07
21:22:46 5.11
21:22:47 5.10
21:22:48 5.12
21:22:49 5.05
21:22:50 4.98
21:22:51 5.04
21:22:52 5.09
21:22:53 5.04
21:22:54 4.91
21:22:55 5.23
21:22:56 5.30
21:22:57 5.49
21:22:58 5.37
21:22:59 5.40
21:23:00 5.48
21:23:01 5.48
21:23:02 5.51
21:23:03 5.31
21:23:04 5.49
21:23:05 5.49
21:23:06 5.44
21:23:07 5.35
21:23:08 5.53
21:23:09 5.54
21:23:10 5.11
21:23:11 5.31
21:23:12 5.62
21:23:13 6.23
21:23:14 5.31
21:23:15 5.13
21:23:16 5.72
21:23:17 5.44
21:23:18 5.70
21:23:19 5.63
21:23:20 5.48
21:23:21 5.52
21:23:22 5.24
21:23:23 5.54
21:23:24 5.63
21:23:25 5.50
21:23:26 5.49
21:23:27 5.50
21:23:28 5.51
21:23:29 5.15
21:23:30 5.90
21:23:31 5.72
21:23:32 5.27
21:23:33 5.67
21:23:34 5.47
21:23:35 5.73
21:23:36 5.29
21:23:37 5.66
21:23:38 5.52
21:23:39 5.28
21:23:40 5.50
21:23:41 5.44
21:23:42 5.49
21:23:43 5.57
21:23:44 5.60
21:23:45 5.49
21:23:46 5.58
21:23:47 5.59
21:23:48 5.62
21:23:49 5.56
21:23:50 5.48
21:23:51 5.44
21:23:52 5.77
21:23:53 5.73
21:23:54 5.89
21:23:55 5.85
21:23:56 5.91
21:23:57 6.02
21:23:58 5.93
21:23:59 5.82
21:24:00 5.94
21:24:01 5.84
21:24:02 5.87
21:24:03 5.81
21:24:04 5.97
21:24:05 5.94
21:24:06 5.92
21:24:07 5.89
21:24:08 5.90
21:24:09 6.00
21:24:10 5.87
21:24:11 5.85
21:24:12 5.67
21:24:13 6.12
21:24:14 5.95
21:24:15 5.89
21:24:16 5.86
21:24:17 5.83
21:24:18 5.61
21:24:19 5.63
21:24:20 5.96
21:24:21 5.79
21:24:22 5.63
21:24:23 5.86
21:24:24 6.10
21:24:25 6.20
21:24:26 4.98
21:24:27 5.90
21:24:28 5.93
21:24:29 5.58
21:24:30 5.84
21:24:31 5.77
21:24:32 5.68
21:24:33 5.66
21:24:34 5.54
21:24:35 5.85
21:24:36 6.16
21:24:37 5.90
21:24:38 6.06
21:24:39 5.73
21:24:40 5.51
21:24:41 4.56
21:24:42 5.83
21:24:43 6.05
21:24:44 6.03
21:24:45 5.95
21:24:46 5.84
21:24:47 6.08
21:24:48 5.65
21:24:49 5.76
21:24:50 6.06
21:24:51 5.59
21:24:52 5.11
21:24:53 5.48
21:24:54 5.93
21:24:55 5.97
21:24:56 5.68
21:24:57 5.83
21:24:58 5.34
21:24:59 5.10
21:25:00 5.11
21:25:01 5.56
21:25:02 5.71
21:25:03 5.68
21:25:04 5.47
21:25:05 5.49
21:25:06 5.64
21:25:07 5.62
21:25:08 6.05
21:25:09 5.58
21:25:10 5.62
21:25:11 5.59
21:25:12 5.83
21:25:13 5.46
21:25:14 5.29
21:25:15 5.65
21:25:16 5.58
21:25:17 5.11
21:25:18 5.09
21:25:19 5.59
21:25:20 5.21
21:25:21 5.21
21:25:22 4.72
21:25:23 4.94
21:25:24 5.63
21:25:25 5.02
21:25:26 5.33
21:25:27 5.33
21:25:28 5.52
21:25:29 5.25
21:25:30 5.30
21:25:31 5.20
21:25:32 4.96
21:25:33 5.04
21:25:34 5.20
21:25:35 3.72
21:25:36 5.02
21:25:37 5.38
21:25:38 5.24
21:25:39 5.46
21:25:40 4.72
21:25:41 5.33
21:25:42 4.75
21:25:43 4.94
21:25:44 5.07
21:25:45 5.50
21:25:46 5.03
21:25:47 5.24
21:25:48 5.35
21:25:49 5.56
21:25:50 5.21
21:25:51 4.93
21:25:52 4.67
21:25:53 4.95
21:25:54 4.49
21:25:55 4.92
21:25:56 4.95
21:25:57 4.97
21:25:58 4.64
21:25:59 4.55
21:26:00 4.45
21:26:01 4.77
21:26:02 5.12
21:26:03 4.49
21:26:04 4.70
21:26:05 5.09
21:26:06 4.73
21:26:07 4.74
21:26:08 4.73
21:26:09 4.86
21:26:10 4.79
21:26:11 5.44
21:26:12 5.03
21:26:13 5.07
21:26:14 4.72
21:26:15 4.55
21:26:16 4.39
21:26:17 4.72
21:26:18 3.70
21:26:19 4.62
21:26:20 4.46
21:26:21 4.52
21:26:23 4.50
21:26:23 4.57
21:26:24 4.47
21:26:25 4.40
21:26:26 4.15
21:26:27 4.54
21:26:28 4.07
21:26:29 4.24
21:26:30 4.32
21:26:32 4.45
21:26:32 4.42
21:26:33 4.56
21:26:34 3.98
21:26:36 4.24
21:26:36 4.31
21:26:37 3.91
21:26:38 4.31
21:26:40 4.34
21:26:41 4.47
21:26:41 4.49
21:26:42 4.34
21:26:43 4.39
21:26:45 4.28
21:26:45 3.83
21:26:46 4.59
21:26:47 4.06
21:26:49 4.14
21:26:50 4.61
21:26:50 4.49
21:26:51 4.44
21:26:53 4.25
21:26:54 4.30
21:26:54 3.83
21:26:55 3.64
21:26:57 3.76
21:26:58 4.49
21:26:59 3.95
21:27:00 4.05
21:27:01 4.10
21:27:02 3.99
21:27:03 3.96
21:27:04 3.99
21:27:05 4.03
21:27:06 4.00
21:27:07 4.01
21:27:08 4.11
21:27:09 4.10
21:27:10 4.16
21:27:11 4.07
21:27:12 4.14
21:27:13 4.00
21:27:14 3.96
21:27:15 4.28
21:27:16 3.89
21:27:17 4.00
21:27:18 4.07
21:27:19 4.24
21:27:20 4.28
21:27:21 3.98
21:27:22 3.75
21:27:23 3.73
21:27:24 3.77
21:27:25 3.63
21:27:26 3.16
21:27:27 3.72
21:27:28 3.71
21:27:29 3.74
21:27:30 3.79
21:27:31 3.61
21:27:32 3.44
21:27:33 3.42
21:27:34 3.80
21:27:35 3.97
21:27:36 3.81
21:27:37 3.42
21:27:38 3.55
21:27:39 4.20
21:27:40 3.55
21:27:41 3.83
21:27:42 3.63
21:27:43 3.47
21:27:44 3.32
21:27:45 3.78
21:27:46 3.91
21:27:47 3.28
21:27:48 3.17
21:27:49 3.33
21:27:50 1.36
21:27:51 3.44
21:27:52 3.35
21:27:53 3.34
21:27:54 3.20
21:27:55 3.05
21:27:56 2.99
21:27:57 3.84
21:27:58 3.33
21:27:59 3.23
21:28:00 3.06
21:28:01 3.42
21:28:02 2.89
21:28:03 2.74
21:28:04 2.83
21:28:05 2.81
21:28:06 3.41
21:28:07 3.33
21:28:08 2.87
21:28:09 3.11
21:28:10 3.43
21:28:11 2.93
21:28:12 3.40
21:28:13 3.71
21:28:14 3.01
21:28:15 3.38
21:28:16 3.45
21:28:17 3.31
21:28:18 3.17
21:28:19 2.95
21:28:20 2.96
21:28:21 3.28
21:28:22 3.16
21:28:23 2.87
21:28:24 2.73
21:28:25 2.60
21:28:26 2.50
21:28:27 2.85
21:28:28 2.84
21:28:29 2.84
21:28:30 2.61
21:28:31 2.57
21:28:32 3.21
21:28:33 2.84
21:28:34 3.01
21:28:35 2.84
21:28:36 2.23
21:28:37 3.01
21:28:38 2.79
21:28:39 3.00
21:28:40 2.75
21:28:41 2.63
21:28:42 2.81
21:28:43 3.17
21:28:44 3.01
21:28:45 3.04
21:28:46 2.74
21:28:47 2.77
21:28:48 2.84
21:28:49 2.94
21:28:50 2.57
21:28:51 2.63
21:28:52 2.63
21:28:53 2.63
21:28:54 2.42
21:28:55 2.57
21:28:56 2.58
21:28:57 2.31
21:28:58 2.52
21:28:59 2.32
21:29:00 2.58
21:29:01 2.71
21:29:02 2.31
21:29:03 2.25
21:29:04 2.21
21:29:05 2.82
21:29:06 2.49
21:29:07 2.20
21:29:08 1.86
21:29:09 2.63
21:29:10 2.57
21:29:11 2.63
21:29:12 2.44
21:29:13 2.06
21:29:14 2.17
21:29:15 2.51
21:29:16 2.26
21:29:17 2.38
21:29:18 2.78
21:29:19 2.78
21:29:20 2.68
21:29:21 1.97
21:29:22 2.26
21:29:23 1.96
21:29:24 1.87
21:29:25 2.55
21:29:26 2.66
21:29:27 2.30
21:29:28 2.34
21:29:29 2.14
21:29:30 2.15
21:29:31 2.16
21:29:32 2.09
21:29:33 2.16
21:29:34 2.13
21:29:35 2.06
21:29:36 1.63
21:29:37 1.92
21:29:38 1.75
21:29:39 2.39
21:29:40 1.91
21:29:41 2.02
21:29:42 2.46
21:29:43 2.06
21:29:44 1.58
21:29:45 1.94
21:29:46 2.64
21:29:47 2.04
21:29:48 2.20
21:29:49 1.98
21:29:50 1.69
21:29:51 2.08
21:29:52 1.48
21:29:53 2.26
21:29:54 1.63
21:29:55 1.92
21:29:56 1.36
21:29:57 1.30
21:29:58 1.47
21:29:59 1.81
21:30:00 1.82
21:30:01 1.68
21:30:02 1.56
21:30:03 1.59
21:30:04 1.33
21:30:05 1.94
21:30:06 1.94
21:30:07 2.17
21:30:08 1.54
21:30:09 1.39
21:30:10 1.86
21:30:11 1.66
21:30:12 1.71
21:30:13 1.70
21:30:14 1.29
21:30:15 1.75
21:30:16 1.92
21:30:17 1.99
21:30:18 1.79
21:30:19 1.15
21:30:20 1.38
21:30:21 1.38
21:30:22 1.98
21:30:23 1.31
21:30:24 1.44
21:30:25 0.75
21:30:26 0.93
21:30:27 1.35
21:30:28 1.29
21:30:29 1.30
21:30:30 0.72
21:30:31 1.13
21:30:32 1.55
21:30:33 1.27
21:30:34 1.36
21:30:35 1.06
21:30:36 0.99
21:30:37 1.07
21:30:38 1.79
21:30:39 1.54
21:30:40 1.46
21:30:41 1.21
21:30:42 1.05
21:30:43 0.72
21:30:44 0.92
21:30:45 1.01
21:30:46 1.06
21:30:47 0.93
21:30:48 1.05
21:30:49 0.95
21:30:50 0.92
21:30:51 1.00
21:30:52 0.97
21:30:53 0.84
21:30:54 0.98
21:30:55 0.83
21:30:56 0.89
21:30:57 0.85
21:30:58 0.62
21:30:59 0.77
21:31:00 -4.1
21:31:01 0.86
21:31:02 0.79
21:31:03 0.81
21:31:04 0.74
21:31:05 0.91
21:31:06 0.85
21:31:07 0.78
21:31:08 0.81
21:31:09 0.70
21:31:10 0.87
21:31:11 0.79
21:31:12 0.78
21:31:13 0.62
21:31:14 0.79
21:31:15 0.67
21:31:16 0.79
21:31:17 0.77
21:31:18 0.88
21:31:19 0.83
21:31:20 0.85
21:31:21 0.85
21:31:22 0.72
21:31:23 0.83
21:31:24 0.56
21:31:25 0.59
21:31:26 0.38
21:31:27 0.35
21:31:28 0.36
21:31:29 0.28
21:31:30 0.38
21:31:31 0.44
21:31:32 0.30
21:31:33 0.42
21:31:34 0.43
21:31:35 0.31
21:31:36 0.44
21:31:37 0.43
21:31:38 0.35
21:31:39 0.31
21:31:40 0.43
21:31:41 0.32
21:31:42 0.37
21:31:43 0.30
21:31:44 0.07
21:31:45 0.74
21:31:46 0.47
21:31:47 0.41
21:31:48 0.31
21:31:49 0.01
21:31:50 0.53
21:31:51 0.21
21:31:52 0.34
21:31:53 0.31
21:31:54 0.20
21:31:55 -0.1
21:31:56 0.28
21:31:57 0.08
21:31:58 -0.5
21:31:59 -0.2
21:32:00 0.16
21:32:01 0.09
21:32:02 -0.1
21:32:03 -0.4
21:32:04 -0.2
21:32:05 -0.0
21:32:06 0.10
21:32:07 -0.1
21:32:08 -0.2
21:32:09 -0.5
21:32:10 0.02
21:32:11 -0.0
21:32:12 -0.0
21:32:13 0.03
21:32:14 -0.0
21:32:15 -0.0
21:32:16 0.05
21:32:17 -0.0
21:32:18 -0.0
21:32:19 0.04
21:32:20 0.17
21:32:21 0.01
21:32:22 -0.0
21:32:23 0.06
21:32:24 -0.0
21:32:25 0.02
21:32:26 -0.0
21:32:27 0.02
21:32:28 0.01
21:32:29 -0.0
21:32:30 -0.0
21:32:31 -0.0
21:32:32 -0.0
21:32:33 -0.0
21:32:34 -0.0
21:32:35 -0.0
21:32:36 -0.0
21:32:37 -0.0
21:32:38 -0.0
21:32:39 0.01
21:32:40 -0.0
21:32:41 0.04
21:32:42 0.05
21:32:43 0.04
21:32:44 0.04
21:32:45 0.07
21:32:46 0.03
21:32:47 0.04
21:32:48 0.04
21:32:49 0.07
21:32:50 0.07
21:32:51 0.03
21:32:52 0.05
21:32:53 0.04
21:32:54 0.05
21:32:55 0.05
21:32:56 0.05
21:32:57 0.04
21:32:58 0.05
21:32:59 0.04
21:33:00 0.08
