20:41:32 0091
20:41:32 0098
20:41:33 0097
20:41:33 0090
20:41:34 0093
20:41:34 0093
20:41:35 0096
20:41:36 0093
20:41:36 0092
20:41:37 0093
20:41:37 0093
20:41:38 0092
20:41:38 0094
20:41:39 0093
20:41:39 0093
20:41:40 0098
20:41:40 0092
20:41:41 0095
20:41:41 0093
20:41:42 0094
20:41:42 0092
20:41:43 0097
20:41:43 0094
20:41:44 0094
20:41:44 0093
20:41:45 0093
20:41:45 0090
20:41:46 0091
20:41:46 0093
20:41:47 0091
20:41:47 0092
20:41:48 0096
20:41:48 0096
20:41:49 0089
20:41:49 0092
20:41:50 0091
20:41:50 0094
20:41:51 0092
20:41:51 0094
20:41:52 0092
20:41:52 0091
20:41:53 0089
20:41:53 0091
20:41:54 0092
20:41:54 0091
20:41:55 0093
20:41:55 0093
20:41:56 0092
20:41:56 0092
20:41:57 0095
20:41:57 0091
20:41:58 0093
20:41:58 0090
20:41:59 0093
20:41:59 0090
20:42:00 0094
20:42:00 0092
20:42:01 0094
20:42:01 0092
20:42:02 0091
20:42:02 0095
20:42:03 0095
20:42:03 0089
20:42:04 0091
20:42:04 0094
20:42:05 0091
20:42:06 0092
20:42:06 0097
20:42:07 0090
20:42:07 0095
20:42:08 0094
20:42:08 0097
20:42:09 0092
20:42:09 0092
20:42:10 0094
20:42:10 0092
20:42:11 0091
20:42:11 0092
20:42:12 0092
20:42:12 0094
20:42:13 0092
20:42:13 0095
20:42:14 0091
20:42:14 0093
20:42:15 0091
20:42:15 0094
20:42:16 0093
20:42:16 0094
20:42:17 0092
20:42:17 0094
20:42:18 0091
20:42:18 0094
20:42:19 0095
20:42:19 0089
20:42:20 0094
20:42:20 0094
20:42:21 0096
20:42:21 0097
20:42:22 0101
20:42:22 0103
20:42:23 0102
20:42:23 0103
20:42:24 0101
20:42:24 0106
20:42:25 0104
20:42:25 0100
20:42:26 0101
20:42:26 0101
20:42:27 0102
20:42:27 0104
20:42:28 0101
20:42:28 0103
20:42:29 0103
20:42:29 0105
20:42:30 0100
20:42:30 0105
20:42:31 0103
20:42:31 0102
20:42:32 0098
20:42:32 0107
20:42:33 0101
20:42:33 0102
20:42:34 0107
20:42:34 0107
20:42:35 0104
20:42:36 0104
20:42:36 0105
20:42:37 0105
20:42:37 0103
20:42:38 0098
20:42:38 0105
20:42:39 0102
20:42:39 0106
20:42:40 0107
20:42:40 0102
20:42:41 0107
20:42:41 0108
20:42:42 0109
20:42:42 0114
20:42:43 0122
20:42:43 0122
20:42:44 0119
20:42:44 0120
20:42:45 0122
20:42:45 0119
20:42:46 0119
20:42:46 0122
20:42:47 0121
20:42:47 0122
20:42:48 0119
20:42:48 0117
20:42:49 0124
20:42:49 0116
20:42:50 0115
20:42:50 0120
20:42:51 0119
20:42:51 0120
20:42:52 0127
20:42:52 0121
20:42:53 0121
20:42:53 0119
20:42:54 0122
20:42:54 0119
20:42:55 0119
20:42:55 0118
20:42:56 0119
20:42:56 0122
20:42:57 0123
20:42:57 0120
20:42:58 0118
20:42:58 0126
20:42:59 0126
20:42:59 0128
20:43:00 0129
20:43:00 0128
20:43:01 0135
20:43:01 0134
20:43:02 0130
20:43:02 0132
20:43:03 0136
20:43:03 0131
20:43:04 0131
20:43:05 0132
20:43:05 0136
20:43:06 0133
20:43:06 0134
20:43:07 0128
20:43:07 0129
20:43:08 0130
20:43:08 0135
20:43:09 0132
20:43:09 0130
20:43:10 0132
20:43:10 0132
20:43:11 0132
20:43:11 0135
20:43:12 0131
20:43:12 0133
20:43:13 0131
20:43:13 0130
20:43:14 0130
20:43:14 0136
20:43:15 0129
20:43:15 0134
20:43:16 0131
20:43:16 0131
20:43:17 0135
20:43:17 0136
20:43:18 0134
20:43:18 0131
20:43:19 0130
20:43:19 0136
20:43:20 0134
20:43:20 0136
20:43:21 0136
20:43:21 0139
20:43:22 0140
20:43:22 0144
20:43:23 0149
20:43:23 0141
20:43:24 0142
20:43:24 0143
20:43:25 0149
20:43:25 0147
20:43:26 0144
20:43:26 0144
20:43:27 0146
20:43:27 0149
20:43:28 0143
20:43:28 0149
20:43:29 0141
20:43:29 0149
20:43:30 0147
20:43:30 0147
20:43:31 0145
20:43:31 0147
20:43:32 0147
20:43:32 0149
20:43:33 0151
20:43:34 0150
20:43:34 0145
20:43:35 0149
20:43:35 0149
20:43:36 0148
20:43:36 0148
20:43:37 0146
20:43:37 0146
20:43:38 0151
20:43:38 0148
20:43:39 0147
20:43:39 0152
20:43:40 0149
20:43:40 0140
20:43:41 0152
20:43:41 0144
20:43:42 0156
20:43:42 0150
20:43:43 0160
20:43:43 0158
20:43:44 0164
20:43:44 0163
20:43:45 0160
20:43:45 0160
20:43:46 0163
20:43:46 0161
20:43:47 0159
20:43:47 0160
20:43:48 0160
20:43:48 0159
20:43:49 0164
20:43:49 0162
20:43:50 0162
20:43:50 0157
20:43:51 0163
20:43:51 0162
20:43:52 0149
20:43:52 0156
20:43:53 0158
20:43:53 0157
20:43:54 0158
20:43:54 0153
20:43:55 0153
20:43:55 0162
20:43:56 0159
20:43:56 0159
20:43:57 0163
20:43:57 0165
20:43:58 0156
20:43:58 0151
20:43:59 0159
20:43:59 0160
20:44:00 0159
20:44:00 0152
20:44:01 0164
20:44:01 0161
20:44:02 0159
20:44:03 0164
20:44:03 0169
20:44:04 0162
20:44:04 0170
20:44:05 0169
20:44:05 0175
20:44:06 0172
20:44:06 0166
20:44:07 0171
20:44:07 0173
20:44:08 0171
20:44:08 0172
20:44:09 0167
20:44:09 0179
20:44:10 0174
20:44:10 0164
20:44:11 0174
20:44:11 0172
20:44:12 0175
20:44:12 0176
20:44:13 0171
20:44:13 0177
20:44:14 0175
20:44:14 0165
20:44:15 0173
20:44:15 0170
20:44:16 0178
20:44:16 0174
20:44:17 0172
20:44:17 0172
20:44:18 0179
20:44:18 0174
20:44:19 0174
20:44:19 0168
20:44:20 0166
20:44:20 0172
20:44:21 0163
20:44:21 0169
20:44:22 0175
20:44:22 0169
20:44:23 0168
20:44:23 0178
20:44:24 0180
20:44:24 0175
20:44:25 0180
20:44:25 0176
20:44:26 0187
20:44:26 0183
20:44:27 0187
20:44:27 0190
20:44:28 0192
20:44:28 0189
20:44:29 0183
20:44:29 0179
20:44:30 0184
20:44:30 0185
20:44:31 0191
20:44:32 0186
20:44:32 0190
20:44:33 0186
20:44:33 0193
20:44:34 0181
20:44:34 0187
20:44:35 0189
20:44:35 0188
20:44:36 0184
20:44:36 0184
20:44:37 0174
20:44:37 0186
20:44:38 0191
20:44:38 0183
20:44:39 0183
20:44:39 0184
20:44:40 0186
20:44:40 0185
20:44:41 0183
20:44:41 0178
20:44:42 0187
20:44:42 0191
20:44:43 0186
20:44:43 0191
20:44:44 0196
20:44:44 0203
20:44:45 0205
20:44:45 0199
20:44:46 0199
20:44:46 0201
20:44:47 0190
20:44:47 0192
20:44:48 0194
20:44:48 0185
20:44:49 0190
20:44:49 0193
20:44:50 0199
20:44:50 0197
20:44:51 0195
20:44:51 0200
20:44:52 0199
20:44:52 0200
20:44:53 0197
20:44:53 0192
20:44:54 0196
20:44:54 0200
20:44:55 0194
20:44:55 0195
20:44:56 0202
20:44:56 0201
20:44:57 0205
20:44:57 0200
20:44:58 0194
20:44:58 0195
20:44:59 0199
20:45:00 0195
20:45:00 0188
20:45:01 0189
20:45:01 0196
20:45:02 0198
20:45:02 0201
20:45:03 0190
20:45:03 0202
20:45:04 0198
20:45:04 0206
20:45:05 0206
20:45:05 0214
20:45:06 0212
20:45:06 0206
20:45:07 0200
20:45:07 0215
20:45:08 0208
20:45:08 0202
20:45:09 0212
20:45:09 0199
20:45:10 0212
20:45:10 0209
20:45:11 0209
20:45:11 0205
20:45:12 0208
20:45:12 0215
20:45:13 0204
20:45:13 0216
20:45:14 0218
20:45:14 0212
20:45:15 0212
20:45:15 0213
20:45:16 0208
20:45:16 0214
20:45:17 0215
20:45:17 0214
20:45:18 0215
20:45:18 0204
20:45:19 0207
20:45:19 0209
20:45:20 0216
20:45:20 0216
20:45:21 0212
20:45:21 0218
20:45:22 0230
20:45:22 0229
20:45:23 0225
20:45:23 0222
20:45:24 0230
20:45:24 0234
20:45:25 0225
20:45:25 0236
20:45:26 0214
20:45:26 0226
20:45:27 0219
20:45:28 0225
20:45:28 0226
20:45:29 0236
20:45:29 0227
20:45:30 0224
20:45:30 0230
20:45:31 0214
20:45:31 0214
20:45:32 0219
20:45:32 0225
20:45:33 0223
20:45:33 0218
20:45:34 0225
20:45:34 0221
20:45:35 0219
20:45:35 0221
20:45:36 0218
20:45:36 0224
20:45:37 0218
20:45:37 0221
20:45:38 0213
20:45:38 0222
20:45:39 0220
20:45:39 0227
20:45:40 0228
20:45:40 0225
20:45:41 0229
20:45:41 0228
20:45:42 0227
20:45:42 0240
20:45:43 0233
20:45:43 0237
20:45:44 0230
20:45:44 0237
20:45:45 0229
20:45:45 0239
20:45:46 0238
20:45:46 0234
20:45:47 0238
20:45:47 0238
20:45:48 0236
20:45:48 0227
20:45:49 0224
20:45:49 0228
20:45:50 0235
20:45:50 0233
20:45:51 0237
20:45:51 0235
20:45:52 0231
20:45:52 0236
20:45:53 0238
20:45:53 0242
20:45:54 0237
20:45:54 0244
20:45:55 0235
20:45:56 0235
20:45:56 0240
20:45:57 0226
20:45:57 0238
20:45:58 0239
20:45:58 0228
20:45:59 0230
20:45:59 0235
20:46:00 0232
20:46:00 0238
20:46:01 0236
20:46:01 0238
20:46:02 0246
20:46:02 0244
20:46:03 0236
20:46:03 0252
20:46:04 0243
20:46:04 0255
20:46:05 0254
20:46:05 0247
20:46:06 0250
20:46:06 0249
20:46:07 0247
20:46:07 0253
20:46:08 0242
20:46:08 0247
20:46:09 0247
20:46:09 0246
20:46:10 0251
20:46:10 0252
20:46:11 0254
20:46:11 0238
20:46:12 0251
20:46:12 0236
20:46:13 0252
20:46:13 0247
20:46:14 0249
20:46:14 0249
20:46:15 0245
20:46:15 0243
20:46:16 0252
20:46:16 0241
20:46:17 0253
20:46:17 0248
20:46:18 0241
20:46:18 0234
20:46:19 0245
20:46:19 0261
20:46:20 0241
20:46:20 0241
20:46:21 0263
20:46:21 0259
20:46:22 0250
20:46:23 0241
20:46:23 0269
20:46:24 0252
20:46:24 0251
20:46:25 0257
20:46:25 0249
20:46:26 0269
20:46:26 0251
20:46:27 0261
20:46:27 0257
20:46:28 0256
20:46:28 0262
20:46:29 0274
20:46:29 0265
20:46:30 0255
20:46:30 0258
20:46:31 0251
20:46:31 0258
20:46:32 0262
20:46:32 0273
20:46:33 0258
20:46:33 0262
20:46:34 0249
20:46:34 0269
20:46:35 0257
20:46:35 0264
20:46:36 0260
20:46:36 0267
20:46:37 0259
20:46:37 0263
20:46:38 0251
20:46:38 0253
20:46:39 0268
20:46:39 0271
20:46:40 0251
20:46:40 0253
20:46:41 0255
20:46:41 0269
20:46:42 0260
20:46:42 0272
20:46:43 0266
20:46:43 0268
20:46:44 0269
20:46:44 0274
20:46:45 0272
20:46:45 0271
20:46:46 0281
20:46:46 0278
20:46:47 0282
20:46:47 0268
20:46:48 0290
20:46:48 0275
20:46:49 0277
20:46:49 0274
20:46:50 0275
20:46:51 0266
20:46:51 0276
20:46:52 0261
20:46:52 0272
20:46:53 0275
20:46:53 0276
20:46:54 0283
20:46:54 0265
20:46:55 0277
20:46:55 0276
20:46:56 0286
20:46:56 0274
20:46:57 0272
20:46:57 0278
20:46:58 0276
20:46:58 0271
20:46:59 0265
20:46:59 0267
20:47:00 0268
20:47:00 0275
20:47:01 0284
20:47:01 0277
20:47:02 0266
20:47:02 0272
20:47:03 0272
20:47:03 0284
20:47:04 0286
20:47:04 0288
20:47:05 0279
20:47:05 0257
20:47:06 0274
20:47:06 0294
20:47:07 0279
20:47:07 0285
20:47:08 0292
20:47:08 0270
20:47:09 0275
20:47:09 0279
20:47:10 0291
20:47:10 0290
20:47:11 0283
20:47:11 0290
20:47:12 0287
20:47:12 0289
20:47:13 0280
20:47:13 0280
20:47:14 0289
20:47:14 0282
20:47:15 0284
20:47:15 0285
20:47:16 0293
20:47:16 0286
20:47:17 0288
20:47:18 0274
20:47:18 0288
20:47:19 0284
20:47:19 0282
20:47:20 0289
20:47:20 0292
20:47:21 0287
20:47:21 0285
20:47:22 0271
20:47:22 0279
20:47:23 0288
20:47:23 0277
20:47:24 0281
20:47:24 0294
20:47:25 0291
20:47:25 0289
20:47:26 0286
20:47:26 0281
20:47:27 0279
20:47:27 0294
20:47:28 0295
20:47:28 0290
20:47:29 0292
20:47:29 0273
20:47:30 0285
20:47:30 0289
20:47:31 0277
20:47:31 0274
20:47:32 0279
20:47:32 0263
20:47:33 0268
20:47:33 0272
20:47:34 0282
20:47:34 0276
20:47:35 0256
20:47:35 0272
20:47:36 0277
20:47:36 0264
20:47:37 0277
20:47:37 0273
20:47:38 0270
20:47:38 0265
20:47:39 0279
20:47:39 0273
20:47:40 0270
20:47:40 0264
20:47:41 0269
20:47:41 0276
20:47:42 0254
20:47:42 0274
20:47:43 0258
20:47:43 0254
20:47:44 0260
20:47:45 0262
20:47:45 0254
20:47:46 0269
20:47:46 0257
20:47:47 0266
20:47:47 0268
20:47:48 0270
20:47:48 0253
20:47:49 0253
20:47:49 0272
20:47:50 0253
20:47:50 0259
20:47:51 0262
20:47:51 0267
20:47:52 0257
20:47:52 0267
20:47:53 0247
20:47:53 0255
20:47:54 0258
20:47:54 0242
20:47:55 0244
20:47:55 0249
20:47:56 0245
20:47:56 0237
20:47:57 0241
20:47:57 0237
20:47:58 0247
20:47:58 0244
20:47:59 0249
20:47:59 0245
20:48:00 0244
20:48:00 0258
20:48:01 0243
20:48:01 0250
20:48:02 0247
20:48:02 0239
20:48:03 0242
20:48:03 0235
20:48:04 0232
20:48:04 0227
20:48:05 0230
20:48:05 0243
20:48:06 0226
20:48:06 0236
20:48:07 0245
20:48:07 0238
20:48:08 0246
20:48:08 0244
20:48:09 0220
20:48:09 0232
20:48:10 0231
20:48:10 0248
20:48:11 0245
20:48:11 0242
20:48:12 0233
20:48:13 0236
20:48:13 0235
20:48:14 0219
20:48:14 0222
20:48:15 0232
20:48:15 0226
20:48:16 0224
20:48:16 0224
20:48:17 0227
20:48:17 0227
20:48:18 0228
20:48:20 0224
20:48:20 0221
20:48:20 0217
20:48:20 0230
20:48:20 0221
20:48:21 0225
20:48:21 0223
20:48:22 0233
20:48:22 0229
20:48:23 0217
20:48:23 0217
20:48:24 0217
20:48:24 0219
20:48:25 0213
20:48:25 0213
20:48:26 0202
20:48:26 0223
20:48:27 0213
20:48:27 0207
20:48:28 0218
20:48:28 0220
20:48:29 0206
20:48:29 0207
20:48:30 0215
20:48:30 0214
20:48:31 0215
20:48:31 0216
20:48:32 0204
20:48:32 0201
20:48:33 0201
20:48:33 0202
20:48:34 0205
20:48:34 0208
20:48:35 0202
20:48:35 0209
20:48:36 0204
20:48:36 0202
20:48:37 0207
20:48:37 0202
20:48:38 0193
20:48:38 0196
20:48:39 0189
20:48:40 0205
20:48:40 0200
20:48:41 0197
20:48:41 0194
20:48:42 0199
20:48:42 0188
20:48:43 0191
20:48:43 0190
20:48:44 0187
20:48:44 0187
20:48:45 0185
20:48:45 0191
20:48:46 0193
20:48:46 0190
20:48:47 0182
20:48:47 0197
20:48:48 0186
20:48:48 0182
20:48:49 0193
20:48:49 0195
20:48:50 0184
20:48:50 0184
20:48:51 0189
20:48:51 0187
20:48:52 0191
20:48:52 0196
20:48:53 0186
20:48:53 0181
20:48:54 0179
20:48:54 0186
20:48:55 0181
20:48:55 0181
20:48:56 0176
20:48:56 0176
20:48:57 0172
20:48:57 0179
20:48:58 0169
20:48:58 0178
20:48:59 0173
20:48:59 0172
20:49:00 0170
20:49:00 0177
20:49:01 0171
20:49:01 0172
20:49:02 0171
20:49:02 0175
20:49:03 0168
20:49:03 0172
20:49:04 0162
20:49:04 0158
20:49:05 0162
20:49:05 0160
20:49:06 0159
20:49:06 0155
20:49:07 0167
20:49:07 0164
20:49:08 0156
20:49:09 0166
20:49:09 0163
20:49:10 0162
20:49:10 0166
20:49:11 0163
20:49:11 0153
20:49:12 0160
20:49:12 0155
20:49:13 0151
20:49:13 0157
20:49:14 0140
20:49:14 0145
20:49:15 0146
20:49:15 0148
20:49:16 0144
20:49:16 0151
20:49:17 0141
20:49:17 0152
20:49:18 0144
20:49:18 0154
20:49:19 0155
20:49:19 0147
20:49:20 0145
20:49:20 0150
20:49:21 0151
20:49:21 0146
20:49:22 0151
20:49:22 0150
20:49:23 0148
20:49:23 0144
20:49:24 0148
20:49:24 0145
20:49:25 0140
20:49:25 0139
20:49:26 0134
20:49:26 0136
20:49:27 0133
20:49:27 0133
20:49:28 0131
20:49:28 0135
20:49:29 0132
20:49:29 0134
20:49:30 0134
20:49:30 0138
20:49:31 0133
20:49:31 0137
20:49:32 0132
20:49:34 0132
20:49:34 0124
20:49:34 0126
20:49:34 0126
20:49:34 0117
20:49:36 0119
20:49:36 0116
20:49:36 0122
20:49:36 0124
20:49:37 0119
20:49:38 0121
20:49:38 0126
20:49:39 0123
20:49:39 0123
20:49:40 0115
20:49:40 0121
20:49:41 0119
20:49:41 0121
20:49:42 0113
20:49:42 0115
20:49:43 0119
20:49:43 0113
20:49:44 0109
20:49:44 0105
20:49:45 0108
20:49:45 0104
20:49:46 0109
20:49:46 0107
20:49:47 0107
20:49:47 0109
20:49:48 0108
20:49:48 0102
20:49:49 0104
20:49:49 0106
20:49:50 0105
20:49:50 0106
20:49:51 0105
20:49:51 0108
20:49:52 0100
20:49:52 0097
20:49:53 0094
20:49:53 0097
20:49:54 0090
20:49:54 0089
20:49:55 0092
20:49:55 0098
20:49:56 0091
20:49:56 0096
20:49:57 0093
20:49:57 0092
20:49:58 0097
20:49:58 0095
20:49:59 0092
20:49:59 0092
20:50:00 0095
20:50:00 0092
20:50:01 0090
20:50:01 0093
20:50:02 0094
20:50:02 0096
20:50:03 0094
20:50:03 0091
20:50:04 0092
20:50:04 0095
20:50:05 0091
20:50:05 0097
20:50:06 0095
20:50:06 0093
20:50:07 0092
20:50:08 0096
20:50:08 0093
20:50:09 0091
20:50:09 0088
20:50:10 0094
20:50:10 0095
20:50:11 0090
20:50:11 0094
20:50:12 0093
20:50:12 0093
20:50:13 0089
20:50:13 0091
20:50:14 0092
20:50:14 0092
20:50:15 0097
20:50:15 0093
20:50:16 0092
20:50:16 0091
20:50:17 0092
20:50:17 0094
20:50:18 0090
20:50:18 0093
20:50:19 0092
20:50:19 0092
20:50:20 0093
20:50:20 0090
20:50:21 0088
20:50:21 0091
20:50:22 0092
20:50:22 0092
20:50:23 0097
20:50:23 0093
20:50:24 0093
20:50:24 0094
20:50:25 0093
20:50:25 0092
20:50:26 0092
20:50:26 0093
20:50:27 0093
20:50:27 0094
20:50:28 0092
20:50:28 0093
20:50:29 0095
20:50:29 0091
20:50:30 0092
20:50:30 0093
20:50:31 0092
20:50:31 0096
20:50:32 0091
20:50:32 0089
20:50:33 0093
20:50:33 0092
20:50:34 0094
20:50:34 0093
20:50:35 0091
20:50:35 0095
20:50:36 0094
20:50:36 0091
20:50:37 0092
20:50:38 0091
20:50:38 0091
20:50:39 0092
20:50:39 0094
20:50:40 0093
20:50:40 0094
20:50:41 0090
20:50:41 0093
20:50:42 0092
20:50:42 0093
20:50:43 0095
20:50:43 0092
20:50:44 0092
20:50:44 0094
20:50:45 0093
20:50:45 0088
20:50:46 0091
20:50:46 0089
20:50:47 0091
20:50:47 0091
20:50:48 0095
20:50:48 0090
20:50:49 0093
20:50:49 0095
20:50:50 0091
20:50:50 0094
20:50:51 0090
20:50:51 0093
20:50:52 0094
20:50:52 0092
20:50:53 0090
20:50:53 0094
20:50:54 0093
20:50:54 0094
